[2019-08-01 22:44:59][DEBUG][ERROR] : [Call to undefined function App\HttpController\Api\abc() at file:/Users/ruoxigeng/imooc_es/App/HttpController/Api/Index.php line:19]
[2019-08-01 22:54:12][DEBUG][WARNING] : [Declaration of App\HttpController\Api\Base::onRequest($action): ?bool should be compatible with EasySwoole\Http\AbstractInterface\Controller::onRequest(?string $action): ?bool at file:/Users/ruoxigeng/imooc_es/App/HttpController/Api/Base.php line:18]
[2019-08-01 22:54:32][DEBUG][WARNING] : [Declaration of App\HttpController\Api\Base::onRequest($action): ?bool should be compatible with EasySwoole\Http\AbstractInterface\Controller::onRequest(?string $action): ?bool at file:/Users/ruoxigeng/imooc_es/App/HttpController/Api/Base.php line:18]
[2019-08-01 22:55:44][DEBUG][WARNING] : [Declaration of App\HttpController\Api\Index::onRequest($action): ?bool should be compatible with App\HttpController\Api\Base::onRequest(?string $action): ?bool at file:/Users/ruoxigeng/imooc_es/App/HttpController/Api/Index.php line:11]
[2019-08-01 23:13:51][DEBUG][ERROR] : [Uncaught Swoole\Coroutine\MySQL\Exception: Parameter [host] is required in :0
Stack trace:
#0 {main}

  thrown at file:Unknown line:0]
[2019-08-01 23:28:36][DEBUG][ERROR] : [Uncaught Swoole\Error: operation not support (reactor is not ready) in /Users/ruoxigeng/imooc_es/vendor/easyswoole/mysqli/src/Mysqli.php:108
Stack trace:
#0 /Users/ruoxigeng/imooc_es/vendor/easyswoole/mysqli/src/Mysqli.php(108): Swoole\Coroutine\MySQL->connect(Array)
#1 /Users/ruoxigeng/imooc_es/vendor/easyswoole/mysqli/src/Mysqli.php(1559): EasySwoole\Mysqli\Mysqli->connect()
#2 /Users/ruoxigeng/imooc_es/vendor/easyswoole/mysqli/src/Mysqli.php(1118): EasySwoole\Mysqli\Mysqli->prepareQuery()
#3 /Users/ruoxigeng/imooc_es/vendor/easyswoole/mysqli/src/Mysqli.php(539): EasySwoole\Mysqli\Mysqli->buildQuery(NULL)
#4 /Users/ruoxigeng/imooc_es/EasySwooleEvent.php(31): EasySwoole\Mysqli\Mysqli->get('test')
#5 /Users/ruoxigeng/imooc_es/vendor/easyswoole/easyswoole/src/Core.php(119): EasySwoole\EasySwoole\EasySwooleEvent::mainServerCreate(Object(EasySwoole\EasySwoole\Swoole\EventRegister))
#6 /Users/ruoxigeng/imooc_es/vendor/easyswoole/easyswoole/src/Command/DefaultCommand/Start.php(42): EasySwoole\EasySwoole\Core->crea at file:/Users/ruoxigeng/imooc_es/vendor/easyswoole/mysqli/src/Mysqli.php line:108]
[2019-08-05 23:04:47][DEBUG][ERROR] : [Uncaught Exception: redis服务异常 in /Users/ruoxigeng/imooc_es/App/Lib/Redis/Redis.php:29
Stack trace:
#0 /Users/ruoxigeng/imooc_es/vendor/easyswoole/component/src/Singleton.php(19): App\Lib\Redis\Redis->__construct()
#1 /Users/ruoxigeng/imooc_es/EasySwooleEvent.php(39): App\Lib\Redis\Redis::getInstance()
#2 /Users/ruoxigeng/imooc_es/vendor/easyswoole/easyswoole/src/Core.php(119): EasySwoole\EasySwoole\EasySwooleEvent::mainServerCreate(Object(EasySwoole\EasySwoole\Swoole\EventRegister))
#3 /Users/ruoxigeng/imooc_es/vendor/easyswoole/easyswoole/src/Command/DefaultCommand/Start.php(42): EasySwoole\EasySwoole\Core->createServer()
#4 /Users/ruoxigeng/imooc_es/vendor/easyswoole/easyswoole/src/Command/CommandContainer.php(46): EasySwoole\EasySwoole\Command\DefaultCommand\Start->exec(Array)
#5 /Users/ruoxigeng/imooc_es/vendor/easyswoole/easyswoole/src/Command/CommandRunner.php(50): EasySwoole\EasySwoole\Command\CommandContainer->hook('start', Array)
#6 /Users/ruoxigeng/imooc_es/easyswoole(24): EasySwoole\EasySwo at file:/Users/ruoxigeng/imooc_es/App/Lib/Redis/Redis.php line:29]
[2019-08-05 23:35:48][DEBUG][ERROR] : [Call to a member function get() on null at file:/Users/ruoxigeng/imooc_es/App/HttpController/Api/Index.php line:42]
[2019-08-05 23:35:48][DEBUG][ERROR] : [Call to a member function get() on null at file:/Users/ruoxigeng/imooc_es/App/HttpController/Api/Index.php line:42]
[2019-08-06 22:29:14][DEBUG][ERROR] : [Uncaught Error: Class 'App\Process\ConsumerTest' not found in /Users/ruoxigeng/imooc_es/EasySwooleEvent.php:57
Stack trace:
#0 /Users/ruoxigeng/imooc_es/vendor/easyswoole/easyswoole/src/Core.php(119): EasySwoole\EasySwoole\EasySwooleEvent::mainServerCreate(Object(EasySwoole\EasySwoole\Swoole\EventRegister))
#1 /Users/ruoxigeng/imooc_es/vendor/easyswoole/easyswoole/src/Command/DefaultCommand/Start.php(42): EasySwoole\EasySwoole\Core->createServer()
#2 /Users/ruoxigeng/imooc_es/vendor/easyswoole/easyswoole/src/Command/CommandContainer.php(46): EasySwoole\EasySwoole\Command\DefaultCommand\Start->exec(Array)
#3 /Users/ruoxigeng/imooc_es/vendor/easyswoole/easyswoole/src/Command/CommandRunner.php(50): EasySwoole\EasySwoole\Command\CommandContainer->hook('start', Array)
#4 /Users/ruoxigeng/imooc_es/easyswoole(24): EasySwoole\EasySwoole\Command\CommandRunner->run(Array)
#5 {main}
  thrown at file:/Users/ruoxigeng/imooc_es/EasySwooleEvent.php line:57]
[2019-08-08 23:24:36][DEBUG][ERROR] : [Uncaught Error: Class 'Yaconf' not found in /Users/ruoxigeng/imooc_es/App/Lib/Redis/Redis.php:26
Stack trace:
#0 /Users/ruoxigeng/imooc_es/vendor/easyswoole/component/src/Singleton.php(19): App\Lib\Redis\Redis->__construct()
#1 /Users/ruoxigeng/imooc_es/EasySwooleEvent.php(53): App\Lib\Redis\Redis::getInstance()
#2 /Users/ruoxigeng/imooc_es/vendor/easyswoole/easyswoole/src/Core.php(119): EasySwoole\EasySwoole\EasySwooleEvent::mainServerCreate(Object(EasySwoole\EasySwoole\Swoole\EventRegister))
#3 /Users/ruoxigeng/imooc_es/vendor/easyswoole/easyswoole/src/Command/DefaultCommand/Start.php(42): EasySwoole\EasySwoole\Core->createServer()
#4 /Users/ruoxigeng/imooc_es/vendor/easyswoole/easyswoole/src/Command/CommandContainer.php(46): EasySwoole\EasySwoole\Command\DefaultCommand\Start->exec(Array)
#5 /Users/ruoxigeng/imooc_es/vendor/easyswoole/easyswoole/src/Command/CommandRunner.php(50): EasySwoole\EasySwoole\Command\CommandContainer->hook('start', Array)
#6 /Users/ruoxigeng/imooc_es/easyswoole(24): EasySwoole\Easy at file:/Users/ruoxigeng/imooc_es/App/Lib/Redis/Redis.php line:26]
[2019-08-08 23:25:10][DEBUG][ERROR] : [Uncaught Error: Class 'Yaconf' not found in /Users/ruoxigeng/imooc_es/App/Lib/Redis/Redis.php:26
Stack trace:
#0 /Users/ruoxigeng/imooc_es/vendor/easyswoole/component/src/Singleton.php(19): App\Lib\Redis\Redis->__construct()
#1 /Users/ruoxigeng/imooc_es/EasySwooleEvent.php(53): App\Lib\Redis\Redis::getInstance()
#2 /Users/ruoxigeng/imooc_es/vendor/easyswoole/easyswoole/src/Core.php(119): EasySwoole\EasySwoole\EasySwooleEvent::mainServerCreate(Object(EasySwoole\EasySwoole\Swoole\EventRegister))
#3 /Users/ruoxigeng/imooc_es/vendor/easyswoole/easyswoole/src/Command/DefaultCommand/Start.php(42): EasySwoole\EasySwoole\Core->createServer()
#4 /Users/ruoxigeng/imooc_es/vendor/easyswoole/easyswoole/src/Command/CommandContainer.php(46): EasySwoole\EasySwoole\Command\DefaultCommand\Start->exec(Array)
#5 /Users/ruoxigeng/imooc_es/vendor/easyswoole/easyswoole/src/Command/CommandRunner.php(50): EasySwoole\EasySwoole\Command\CommandContainer->hook('start', Array)
#6 /Users/ruoxigeng/imooc_es/easyswoole(24): EasySwoole\Easy at file:/Users/ruoxigeng/imooc_es/App/Lib/Redis/Redis.php line:26]
[2019-08-08 23:25:39][DEBUG][ERROR] : [Uncaught Error: Class 'Yaconf' not found in /Users/ruoxigeng/imooc_es/App/Lib/Redis/Redis.php:26
Stack trace:
#0 /Users/ruoxigeng/imooc_es/vendor/easyswoole/component/src/Singleton.php(19): App\Lib\Redis\Redis->__construct()
#1 /Users/ruoxigeng/imooc_es/EasySwooleEvent.php(53): App\Lib\Redis\Redis::getInstance()
#2 /Users/ruoxigeng/imooc_es/vendor/easyswoole/easyswoole/src/Core.php(119): EasySwoole\EasySwoole\EasySwooleEvent::mainServerCreate(Object(EasySwoole\EasySwoole\Swoole\EventRegister))
#3 /Users/ruoxigeng/imooc_es/vendor/easyswoole/easyswoole/src/Command/DefaultCommand/Start.php(42): EasySwoole\EasySwoole\Core->createServer()
#4 /Users/ruoxigeng/imooc_es/vendor/easyswoole/easyswoole/src/Command/CommandContainer.php(46): EasySwoole\EasySwoole\Command\DefaultCommand\Start->exec(Array)
#5 /Users/ruoxigeng/imooc_es/vendor/easyswoole/easyswoole/src/Command/CommandRunner.php(50): EasySwoole\EasySwoole\Command\CommandContainer->hook('start', Array)
#6 /Users/ruoxigeng/imooc_es/easyswoole(24): EasySwoole\Easy at file:/Users/ruoxigeng/imooc_es/App/Lib/Redis/Redis.php line:26]
[2019-08-08 23:27:57][DEBUG][ERROR] : [syntax error, unexpected 'class' (T_CLASS), expecting identifier (T_STRING) or function (T_FUNCTION) or const (T_CONST) or \\ (T_NS_SEPARATOR) at file:/Users/ruoxigeng/imooc_es/App/Lib/Redis/Redis.php line:15]
[2019-08-08 23:34:10][DEBUG][ERROR] : [Uncaught Error: Class 'Yaconf' not found in /Users/ruoxigeng/imooc_es/App/Lib/Redis/Redis.php:26
Stack trace:
#0 /Users/ruoxigeng/imooc_es/vendor/easyswoole/component/src/Singleton.php(19): App\Lib\Redis\Redis->__construct()
#1 /Users/ruoxigeng/imooc_es/EasySwooleEvent.php(53): App\Lib\Redis\Redis::getInstance()
#2 /Users/ruoxigeng/imooc_es/vendor/easyswoole/easyswoole/src/Core.php(119): EasySwoole\EasySwoole\EasySwooleEvent::mainServerCreate(Object(EasySwoole\EasySwoole\Swoole\EventRegister))
#3 /Users/ruoxigeng/imooc_es/vendor/easyswoole/easyswoole/src/Command/DefaultCommand/Start.php(42): EasySwoole\EasySwoole\Core->createServer()
#4 /Users/ruoxigeng/imooc_es/vendor/easyswoole/easyswoole/src/Command/CommandContainer.php(46): EasySwoole\EasySwoole\Command\DefaultCommand\Start->exec(Array)
#5 /Users/ruoxigeng/imooc_es/vendor/easyswoole/easyswoole/src/Command/CommandRunner.php(50): EasySwoole\EasySwoole\Command\CommandContainer->hook('start', Array)
#6 /Users/ruoxigeng/imooc_es/easyswoole(24): EasySwoole\Easy at file:/Users/ruoxigeng/imooc_es/App/Lib/Redis/Redis.php line:26]
[2019-08-08 23:36:03][DEBUG][ERROR] : [Class 'Yaconf' not found at file:/Users/ruoxigeng/imooc_es/App/HttpController/Api/Index.php line:47]
[2019-08-08 23:39:09][DEBUG][ERROR] : [Class 'Yaconf' not found at file:/Users/ruoxigeng/imooc_es/App/HttpController/Api/Index.php line:47]
[2019-08-08 23:39:10][DEBUG][ERROR] : [Class 'Yaconf' not found at file:/Users/ruoxigeng/imooc_es/App/HttpController/Api/Index.php line:47]
[2019-08-08 23:39:10][DEBUG][ERROR] : [Class 'Yaconf' not found at file:/Users/ruoxigeng/imooc_es/App/HttpController/Api/Index.php line:47]
[2019-08-08 23:39:10][DEBUG][ERROR] : [Class 'Yaconf' not found at file:/Users/ruoxigeng/imooc_es/App/HttpController/Api/Index.php line:47]
[2019-08-10 21:40:07][DEBUG][ERROR] : [Call to undefined method Swoole\Http\Request::files() at file:/Users/ruoxigeng/imooc_es/App/Lib/Upload/Base.php line:14]
[2019-08-13 21:14:02][DEBUG][WARNING] : [array_keys() expects parameter 1 to be array, null given at file:/Users/ruoxigeng/imooc_es/App/Lib/Upload/Base.php line:22]
[2019-09-03 23:04:03][DEBUG][ERROR] : [Cannot make static method EasySwoole\EasySwoole\Swoole\Task\QuickTaskInterface::run() non static in class App\Task\TaskOne at file:/Users/ruoxigeng/imooc_es/App/Task/TaskOne.php line:14]
[2019-09-03 23:04:50][DEBUG][ERROR] : [Declaration of App\Task\TaskOne::run(int $taskId, int $workerIndex) must be compatible with EasySwoole\EasySwoole\Swoole\Task\QuickTaskInterface::run(swoole_server $server, int $taskId, int $fromWorkerId, $flags = NULL) at file:/Users/ruoxigeng/imooc_es/App/Task/TaskOne.php line:14]
[2019-09-03 23:07:00][DEBUG][ERROR] : [Call to undefined method EasySwoole\EasySwoole\Swoole\Task\TaskManager::getInstance() at file:/Users/ruoxigeng/imooc_es/App/Task/TaskOne.php line:30]
[2019-09-03 23:08:00][DEBUG][ERROR] : [Call to undefined method EasySwoole\EasySwoole\Swoole\Task\TaskManager::getInstance() at file:/Users/ruoxigeng/imooc_es/App/Task/TaskOne.php line:30]
[2019-09-03 23:09:00][DEBUG][WARNING] : [Swoole\Server::task(): Server->task() cannot use in the task-worker at file:/Users/ruoxigeng/imooc_es/vendor/easyswoole/easyswoole/src/Swoole/Task/TaskManager.php line:27]
[2019-09-03 23:10:00][DEBUG][WARNING] : [Swoole\Server::task(): Server->task() cannot use in the task-worker at file:/Users/ruoxigeng/imooc_es/vendor/easyswoole/easyswoole/src/Swoole/Task/TaskManager.php line:27]
[2019-09-04 22:13:00][DEBUG][ERROR] : [syntax error, unexpected ')' at file:/Users/ruoxigeng/imooc_es/App/Lib/Cache/Video.php line:18]
[2019-09-04 22:33:00][DEBUG][ERROR] : [db error at file:/Users/ruoxigeng/imooc_es/App/Model/Base.php line:23]
